exiftool -overwrite_original a.jpg b.jpg c.jpg
exiftool -overwrite_original "hello world.tif"
exiftool -overwrite_original a.jpg b.jpg c.jpg "hello world.tif"
exiftool -overwrite_original a.jpg b.jpg c.jpg "hello world.tif" d.jpg
exiftool -overwrite_original -author=janfri a.jpg b.jpg c.jpg
exiftool -overwrite_original -author=janfri "hello world.tif"
exiftool -overwrite_original -author=janfri a.jpg b.jpg c.jpg "hello world.tif"
exiftool -overwrite_original -author=janfri a.jpg b.jpg c.jpg "hello world.tif" d.jpg
exiftool -overwrite_original -author=janfri -comment="some comment" a.jpg b.jpg c.jpg
exiftool -overwrite_original -author=janfri -comment="some comment" "hello world.tif"
exiftool -overwrite_original -author=janfri -comment="some comment" a.jpg b.jpg c.jpg "hello world.tif"
exiftool -overwrite_original -author=janfri -comment="some comment" a.jpg b.jpg c.jpg "hello world.tif" d.jpg
exiftool -overwrite_original -author=janfri -comment="some comment" -keywords=a -keywords=b -keywords=c a.jpg b.jpg c.jpg
exiftool -overwrite_original -author=janfri -comment="some comment" -keywords=a -keywords=b -keywords=c "hello world.tif"
exiftool -overwrite_original -author=janfri -comment="some comment" -keywords=a -keywords=b -keywords=c a.jpg b.jpg c.jpg "hello world.tif"
exiftool -overwrite_original -author=janfri -comment="some comment" -keywords=a -keywords=b -keywords=c a.jpg b.jpg c.jpg "hello world.tif" d.jpg
exiftool -overwrite_original -orientation=1 a.jpg b.jpg c.jpg
exiftool -overwrite_original -orientation=1 "hello world.tif"
exiftool -overwrite_original -orientation=1 a.jpg b.jpg c.jpg "hello world.tif"
exiftool -overwrite_original -orientation=1 a.jpg b.jpg c.jpg "hello world.tif" d.jpg
exiftool -overwrite_original -n a.jpg b.jpg c.jpg
exiftool -overwrite_original -n "hello world.tif"
exiftool -overwrite_original -n a.jpg b.jpg c.jpg "hello world.tif"
exiftool -overwrite_original -n a.jpg b.jpg c.jpg "hello world.tif" d.jpg
exiftool -overwrite_original -n -author=janfri a.jpg b.jpg c.jpg
exiftool -overwrite_original -n -author=janfri "hello world.tif"
exiftool -overwrite_original -n -author=janfri a.jpg b.jpg c.jpg "hello world.tif"
exiftool -overwrite_original -n -author=janfri a.jpg b.jpg c.jpg "hello world.tif" d.jpg
exiftool -overwrite_original -n -author=janfri -comment="some comment" a.jpg b.jpg c.jpg
exiftool -overwrite_original -n -author=janfri -comment="some comment" "hello world.tif"
exiftool -overwrite_original -n -author=janfri -comment="some comment" a.jpg b.jpg c.jpg "hello world.tif"
exiftool -overwrite_original -n -author=janfri -comment="some comment" a.jpg b.jpg c.jpg "hello world.tif" d.jpg
exiftool -overwrite_original -n -author=janfri -comment="some comment" -keywords=a -keywords=b -keywords=c a.jpg b.jpg c.jpg
exiftool -overwrite_original -n -author=janfri -comment="some comment" -keywords=a -keywords=b -keywords=c "hello world.tif"
exiftool -overwrite_original -n -author=janfri -comment="some comment" -keywords=a -keywords=b -keywords=c a.jpg b.jpg c.jpg "hello world.tif"
exiftool -overwrite_original -n -author=janfri -comment="some comment" -keywords=a -keywords=b -keywords=c a.jpg b.jpg c.jpg "hello world.tif" d.jpg
exiftool -overwrite_original -n -orientation=1 a.jpg b.jpg c.jpg
exiftool -overwrite_original -n -orientation=1 "hello world.tif"
exiftool -overwrite_original -n -orientation=1 a.jpg b.jpg c.jpg "hello world.tif"
exiftool -overwrite_original -n -orientation=1 a.jpg b.jpg c.jpg "hello world.tif" d.jpg
